<?xml version="1.0" encoding="UTF-8"?>
<testsuite xmlns:xsi="http://www.w3.org/2001/XMLSchema-instance" xsi:noNamespaceSchemaLocation="https://maven.apache.org/surefire/maven-surefire-plugin/xsd/surefire-test-report.xsd" name="uk.ed.ac.inf.AppTest" time="0.019" tests="1" errors="0" skipped="0" failures="0">
  <properties>
    <property name="java.specification.version" value="18"/>
    <property name="sun.cpu.isalist" value="amd64"/>
    <property name="sun.jnu.encoding" value="Cp1252"/>
    <property name="java.class.path" value="S:\PizzaDronz\target\test-classes;S:\PizzaDronz\target\classes;C:\Users\szila\.m2\repository\com\google\code\gson\gson\2.8.8\gson-2.8.8.jar;C:\Users\szila\.m2\repository\junit\junit\4.11\junit-4.11.jar;C:\Users\szila\.m2\repository\org\hamcrest\hamcrest-core\1.3\hamcrest-core-1.3.jar;C:\Users\szila\.m2\repository\com\fasterxml\jackson\core\jackson-databind\2.14.0-rc1\jackson-databind-2.14.0-rc1.jar;C:\Users\szila\.m2\repository\com\fasterxml\jackson\core\jackson-annotations\2.14.0-rc1\jackson-annotations-2.14.0-rc1.jar;C:\Users\szila\.m2\repository\com\fasterxml\jackson\core\jackson-core\2.14.0-rc1\jackson-core-2.14.0-rc1.jar;C:\Users\szila\.m2\repository\com\mapbox\mapboxsdk\mapbox-sdk-geojson\5.9.0-alpha.1\mapbox-sdk-geojson-5.9.0-alpha.1.jar;"/>
    <property name="java.vm.vendor" value="Amazon.com Inc."/>
    <property name="sun.arch.data.model" value="64"/>
    <property name="user.variant" value=""/>
    <property name="java.vendor.url" value="https://aws.amazon.com/corretto/"/>
    <property name="user.timezone" value="Europe/London"/>
    <property name="os.name" value="Windows 10"/>
    <property name="java.vm.specification.version" value="18"/>
    <property name="sun.java.launcher" value="SUN_STANDARD"/>
    <property name="user.country" value="GB"/>
    <property name="sun.boot.library.path" value="C:\Users\szila\.jdks\corretto-18.0.2\bin"/>
    <property name="sun.java.command" value="C:\Users\szila\AppData\Local\Temp\surefire8718511124137549818\surefirebooter7186783855031365743.jar C:\Users\szila\AppData\Local\Temp\surefire8718511124137549818 2022-12-08T11-29-24_833-jvmRun1 surefire16903118276825297982tmp surefire_03266946052686161576tmp"/>
    <property name="jdk.debug" value="release"/>
    <property name="surefire.test.class.path" value="S:\PizzaDronz\target\test-classes;S:\PizzaDronz\target\classes;C:\Users\szila\.m2\repository\com\google\code\gson\gson\2.8.8\gson-2.8.8.jar;C:\Users\szila\.m2\repository\junit\junit\4.11\junit-4.11.jar;C:\Users\szila\.m2\repository\org\hamcrest\hamcrest-core\1.3\hamcrest-core-1.3.jar;C:\Users\szila\.m2\repository\com\fasterxml\jackson\core\jackson-databind\2.14.0-rc1\jackson-databind-2.14.0-rc1.jar;C:\Users\szila\.m2\repository\com\fasterxml\jackson\core\jackson-annotations\2.14.0-rc1\jackson-annotations-2.14.0-rc1.jar;C:\Users\szila\.m2\repository\com\fasterxml\jackson\core\jackson-core\2.14.0-rc1\jackson-core-2.14.0-rc1.jar;C:\Users\szila\.m2\repository\com\mapbox\mapboxsdk\mapbox-sdk-geojson\5.9.0-alpha.1\mapbox-sdk-geojson-5.9.0-alpha.1.jar;"/>
    <property name="sun.cpu.endian" value="little"/>
    <property name="user.home" value="C:\Users\szila"/>
    <property name="user.language" value="en"/>
    <property name="java.specification.vendor" value="Oracle Corporation"/>
    <property name="java.version.date" value="2022-07-19"/>
    <property name="java.home" value="C:\Users\szila\.jdks\corretto-18.0.2"/>
    <property name="file.separator" value="\"/>
    <property name="basedir" value="S:\PizzaDronz"/>
    <property name="java.vm.compressedOopsMode" value="Zero based"/>
    <property name="line.separator" value="&#10;"/>
    <property name="java.vm.specification.vendor" value="Oracle Corporation"/>
    <property name="java.specification.name" value="Java Platform API Specification"/>
    <property name="surefire.real.class.path" value="C:\Users\szila\AppData\Local\Temp\surefire8718511124137549818\surefirebooter7186783855031365743.jar"/>
    <property name="user.script" value=""/>
    <property name="sun.management.compiler" value="HotSpot 64-Bit Tiered Compilers"/>
    <property name="java.runtime.version" value="18.0.2+9-FR"/>
    <property name="user.name" value="Sizzle"/>
    <property name="path.separator" value=";"/>
    <property name="os.version" value="10.0"/>
    <property name="java.runtime.name" value="OpenJDK Runtime Environment"/>
    <property name="file.encoding" value="UTF-8"/>
    <property name="java.vm.name" value="OpenJDK 64-Bit Server VM"/>
    <property name="java.vendor.version" value="Corretto-18.0.2.9.1"/>
    <property name="localRepository" value="C:\Users\szila\.m2\repository"/>
    <property name="java.vendor.url.bug" value="https://github.com/corretto/corretto-18/issues/"/>
    <property name="java.io.tmpdir" value="C:\Users\szila\AppData\Local\Temp\"/>
    <property name="idea.version" value="2021.1.3"/>
    <property name="java.version" value="18.0.2"/>
    <property name="user.dir" value="S:\PizzaDronz"/>
    <property name="os.arch" value="amd64"/>
    <property name="java.vm.specification.name" value="Java Virtual Machine Specification"/>
    <property name="sun.os.patch.level" value=""/>
    <property name="native.encoding" value="Cp1252"/>
    <property name="java.library.path" value="C:\Users\szila\.jdks\corretto-18.0.2\bin;C:\WINDOWS\Sun\Java\bin;C:\WINDOWS\system32;C:\WINDOWS;S:\VMware\VMware Player\bin\;C:\Python39\Scripts\;C:\Python39\;C:\Program Files\Haskell\bin;S:\Haskell\8.6.5\lib\extralibs\bin;S:\Haskell\8.6.5\bin;C:\Users\szila\AppData\Local\Programs\Python\Python37\Scripts;C:\WINDOWS\system32;C:\WINDOWS;C:\WINDOWS\System32\Wbem;C:\WINDOWS\System32\WindowsPowerShell\v1.0\;C:\Program Files (x86)\QuickTime\QTSystem\;C:\Program Files\Common Files\Autodesk Shared\;C:\Program Files (x86)\Autodesk\Backburner\;C:\Program Files (x86)\GtkSharp\2.12\bin;C:\WINDOWS\System32\OpenSSH\;C:\Program Files\dotnet\;C:\Program Files\Microsoft VS Code\bin;S:\miktex\miktex\bin\x64\;C:\Users\szila\Documents\PYTHON\ffmpeg\ffmpeg-20200126-5e62100-win64-static\bin;S:\Haskell\8.6.5\mingw\bin;C:\Program Files\PuTTY\;C:\Users\szila\AppData\Roaming\local\bin;S:\Users\szila\AppData\Roaming\local\bin;C:\Users\szila\Downloads\gradle-6.7\bin;C:\Program Files\nodejs\;C:\ProgramData\chocolatey\bin;C:\Program Files\Git\cmd;C:\Users\szila\Documents\PYTHON\AI_shizzle\ok_hand_no_more\RealTimeObjectDetection\vcpkg\packages\protobuf_x86-windows\tools\protobuf;C:\Program Files (x86)\NVIDIA Corporation\PhysX\Common;C:\Program Files\Graphviz\bin;C:\Program Files\CMake\bin;C:\WINDOWS\system32;C:\WINDOWS;C:\WINDOWS\System32\Wbem;C:\WINDOWS\System32\WindowsPowerShell\v1.0\;C:\WINDOWS\System32\OpenSSH\;C:\Program Files\Docker\Docker\resources\bin;C:\ProgramData\DockerDesktop\version-bin;C:\Program Files (x86)\dotnet\;C:\Users\szila\Downloads\youtube-dl.exe;C:\Users\szila\Downloads\jdk-14;C:\Users\szila\AppData\Roaming\cabal\bin;S:\Haskell\bin;C:\Users\szila\anaconda3;C:\Users\szila\anaconda3\Library\mingw-w64\bin;C:\Users\szila\anaconda3\Library\usr\bin;C:\Users\szila\anaconda3\Library\bin;C:\Users\szila\anaconda3\Scripts;C:\Users\szila\AppData\Local\Programs\Python\Python37\Scripts\;C:\Users\szila\AppData\Local\Programs\Python\Python37\;C:\Users\szila\AppData\Local\Programs\Python\Python38\Scripts\;C:\Users\szila\AppData\Local\Programs\Python\Python38\;C:\Users\szila\AppData\Local\Microsoft\WindowsApps;C:\Program Files\Microsoft VS Code\bin;C:\Users\szila\AppData\Local\Programs\Python\Python37\Scripts;S:\tesseract;S:\TeX\texlive\2019\bin\win32;C:\Users\szila\AppData\Local\atom\bin;C:\Users\szila\AppData\Local\GitHubDesktop\bin;C:\Program Files\JetBrains\IntelliJ IDEA Community Edition 2020.3.1\bin;C:\Users\szila\AppData\Roaming\npm;C:\Users\szila\AppData\Local\Microsoft\WindowsApps;C:\Program Files (x86)\Nmap;C:\Users\szila\AppData\Local\Coursier\data\bin;C:\Users\szila\Downloads\youtube-dl;;."/>
    <property name="java.vm.info" value="mixed mode, sharing"/>
    <property name="java.vendor" value="Amazon.com Inc."/>
    <property name="java.vm.version" value="18.0.2+9-FR"/>
    <property name="sun.io.unicode.encoding" value="UnicodeLittle"/>
    <property name="java.class.version" value="62.0"/>
  </properties>
  <testcase name="shouldAnswerWithTrue" classname="uk.ed.ac.inf.AppTest" time="0.002"/>
</testsuite>